#
# A fatal error has been detected by the Java Runtime Environment:
#
#  SIGSEGV (0xb) at pc=0x7668468c, pid=5959, tid=1995424352
#
# JRE version: Java(TM) SE Runtime Environment (8.0_65-b17) (build 1.8.0_65-b17)
# Java VM: Java HotSpot(TM) Server VM (25.65-b01 mixed mode linux-arm )
# Problematic frame:
# V  [libjvm.so+0x3dd68c]
#
# Failed to write core dump. Core dumps have been disabled. To enable core dumping, try "ulimit -c unlimited" before starting Java again
#
# If you would like to submit a bug report, please visit:
#   http://bugreport.java.com/bugreport/crash.jsp
#

---------------  T H R E A D  ---------------

Current thread (0x0058c400):  JavaThread "main" [_thread_in_vm, id=5959, stack(0x7eaac000,0x7eafc000)]

siginfo: si_signo: 11 (SIGSEGV), si_code: 1 (SEGV_MAPERR), si_addr: 0x00000000

Registers:
  r0  = 0x7eafb40c
  r1  = 0x00000000
  r2  = 0x7eafb45c
  r3  = 0x0000000a
  r4  = 0x0058c400
  r5  = 0x0058c53c
  r6  = 0x00000000
  r7  = 0x7eafb45c
  r8  = 0x00000000
  r9  = 0x00000000
  r10 = 0x76f02000
  fp  = 0x7eafb43c
  r12 = 0x7667f938
  sp  = 0x7eafb3d0
  lr  = 0x7667f9c4
  pc  = 0x7668468c
  cpsr = 0x80000010

Top of Stack: (sp=0x7eafb3d0)
0x7eafb3d0:   0058c400 0058c53c 7eafb43c 7667f9c4
0x7eafb3e0:   00000015 7604840c 0000000a 00000064
0x7eafb3f0:   0000000a 76efc260 00000000 0058c400
0x7eafb400:   0058ac50 000000c7 76a21e8c 00023ea0
0x7eafb410:   76efc720 00000000 00010538 00000001
0x7eafb420:   7eafb4ac 76ee13b8 00000000 00000000
0x7eafb430:   00010cf0 00000000 7eafb454 00012f70
0x7eafb440:   00000000 0058c53c 7eafb45c 00000000 

Instructions: (pc=0x7668468c)
0x7668466c:   e3a00003 ebffb366 e3500000 13a03001
0x7668467c:   15c43000 e1a00004 e8bd8818 e92d4830
0x7668468c:   e5913000 e1a05002 e5933004 e28db00c
0x7668469c:   e1d321ba e5933008 e1a04000 e0833102 

Register to memory mapping:

  r0  = 0x7eafb40c
0x7eafb40c is pointing into the stack for thread: 0x0058c400

  r1  = 0x00000000
0x00000000 is an unknown value

  r2  = 0x7eafb45c
0x7eafb45c is pointing into the stack for thread: 0x0058c400

  r3  = 0x0000000a
0x0000000a is an unknown value

  r4  = 0x0058c400
0x0058c400 is a thread

  r5  = 0x0058c53c
0x0058c53c is an unknown value

  r6  = 0x00000000
0x00000000 is an unknown value

  r7  = 0x7eafb45c
0x7eafb45c is pointing into the stack for thread: 0x0058c400

  r8  = 0x00000000
0x00000000 is an unknown value

  r9  = 0x00000000
0x00000000 is an unknown value

  r10 = 0x76f02000
0x76f02000: <offset 0x30000> in /lib/ld-linux-armhf.so.3 at 0x76ed2000

  fp  = 0x7eafb43c
0x7eafb43c is pointing into the stack for thread: 0x0058c400

  r12 = 0x7667f938
0x7667f938: <offset 0x3d8938> in /usr/lib/jvm/jdk-8-oracle-arm32-vfp-hflt/jre/lib/arm/server/libjvm.so at 0x762a7000

  sp  = 0x7eafb3d0
0x7eafb3d0 is pointing into the stack for thread: 0x0058c400

  lr  = 0x7667f9c4
0x7667f9c4: <offset 0x3d89c4> in /usr/lib/jvm/jdk-8-oracle-arm32-vfp-hflt/jre/lib/arm/server/libjvm.so at 0x762a7000

  pc  = 0x7668468c
0x7668468c: <offset 0x3dd68c> in /usr/lib/jvm/jdk-8-oracle-arm32-vfp-hflt/jre/lib/arm/server/libjvm.so at 0x762a7000



Stack: [0x7eaac000,0x7eafc000],  sp=0x7eafb3d0,  free space=316k
Native frames: (J=compiled Java code, j=interpreted, Vv=VM code, C=native code)
V  [libjvm.so+0x3dd68c]


---------------  P R O C E S S  ---------------

Java Threads: ( => current thread )
  0x0060ac00 JavaThread "Service Thread" daemon [_thread_blocked, id=5966, stack(0x62cb0000,0x62d00000)]
  0x00607800 JavaThread "C2 CompilerThread1" daemon [_thread_blocked, id=5965, stack(0x62e00000,0x62e80000)]
  0x00606000 JavaThread "C2 CompilerThread0" daemon [_thread_blocked, id=5964, stack(0x62e80000,0x62f00000)]
  0x00604800 JavaThread "Signal Dispatcher" daemon [_thread_blocked, id=5963, stack(0x63027000,0x63077000)]
  0x005e7400 JavaThread "Finalizer" daemon [_thread_blocked, id=5962, stack(0x6353b000,0x6358b000)]
  0x005e5c00 JavaThread "Reference Handler" daemon [_thread_blocked, id=5961, stack(0x6358b000,0x635db000)]
=>0x0058c400 JavaThread "main" [_thread_in_vm, id=5959, stack(0x7eaac000,0x7eafc000)]

Other Threads:
  0x005e2c00 VMThread [stack: 0x635db000,0x6365b000] [id=5960]
  0x0060cc00 WatcherThread [stack: 0x62c30000,0x62cb0000] [id=5967]

VM state:not at safepoint (normal execution)

VM Mutex/Monitor currently owned by a thread: None

Heap:
 def new generation   total 4352K, used 398K [0x63e00000, 0x642a0000, 0x69340000)
  eden space 3968K,  10% used [0x63e00000, 0x63e63840, 0x641e0000)
  from space 384K,   0% used [0x641e0000, 0x641e0000, 0x64240000)
  to   space 384K,   0% used [0x64240000, 0x64240000, 0x642a0000)
 tenured generation   total 9600K, used 0K [0x69340000, 0x69ca0000, 0x73e00000)
   the space 9600K,   0% used [0x69340000, 0x69340000, 0x69340200, 0x69ca0000)
 Metaspace       used 1466K, capacity 2200K, committed 2200K, reserved 4400K

Card table byte_map: [0x63d7f000,0x63e00000] byte_map_base: 0x63a60000

Polling page: 0x76efa000

CodeCache: size=32768Kb used=314Kb max_used=324Kb free=32453Kb
 bounds [0x73eab000, 0x7402b000, 0x75eab000]
 total_blobs=114 nmethods=0 adapters=67
 compilation: enabled

Compilation events (0 events):
No events

GC Heap History (0 events):
No events

Deoptimization events (0 events):
No events

Internal exceptions (5 events):
Event: 0.123 Thread 0x0058c400 Exception <a 'java/lang/NoSuchMethodError': Method sun.misc.Unsafe.defineClass(Ljava/lang/String;[BII)Ljava/lang/Class; name or signature does not match> (0x63e105d0) thrown at [/HUDSON/workspace/8-2-build-glinux-arm-vfp-hflt/jdk8u65/4987/hotspot/src/shar
Event: 0.123 Thread 0x0058c400 Exception <a 'java/lang/NoSuchMethodError': Method sun.misc.Unsafe.prefetchRead(Ljava/lang/Object;J)V name or signature does not match> (0x63e108a0) thrown at [/HUDSON/workspace/8-2-build-glinux-arm-vfp-hflt/jdk8u65/4987/hotspot/src/share/vm/prims/jni.cpp
Event: 0.240 Thread 0x0058c400 Exception <a 'java/security/PrivilegedActionException'> (0x63e62588) thrown at [/HUDSON/workspace/8-2-build-glinux-arm-vfp-hflt/jdk8u65/4987/hotspot/src/share/vm/prims/jvm.cpp, line 1386]
Event: 0.240 Thread 0x0058c400 Exception <a 'java/security/PrivilegedActionException'> (0x63e62788) thrown at [/HUDSON/workspace/8-2-build-glinux-arm-vfp-hflt/jdk8u65/4987/hotspot/src/share/vm/prims/jvm.cpp, line 1386]
Event: 0.240 Thread 0x0058c400 Exception <a 'java/lang/NoClassDefFoundError': voce/SpeechInterface> (0x63e62bd0) thrown at [/HUDSON/workspace/8-2-build-glinux-arm-vfp-hflt/jdk8u65/4987/hotspot/src/share/vm/classfile/systemDictionary.cpp, line 199]

Events (10 events):
Event: 0.238 loading class sun/misc/URLClassPath$JarLoader$1
Event: 0.238 loading class sun/misc/URLClassPath$JarLoader$1 done
Event: 0.239 loading class sun/misc/FileURLMapper
Event: 0.239 loading class sun/misc/FileURLMapper done
Event: 0.239 loading class java/io/FileNotFoundException
Event: 0.239 loading class java/io/IOException
Event: 0.239 loading class java/io/IOException done
Event: 0.239 loading class java/io/FileNotFoundException done
Event: 0.239 loading class java/security/PrivilegedActionException
Event: 0.239 loading class java/security/PrivilegedActionException done


Dynamic libraries:
00010000-00014000 r-xp 00000000 b3:02 285994     /home/pi/Documents/Thesis_Bioloid/audio/main
00023000-00024000 rw-p 00003000 b3:02 285994     /home/pi/Documents/Thesis_Bioloid/audio/main
00585000-00640000 rw-p 00000000 00:00 0          [heap]
62a00000-62a21000 rw-p 00000000 00:00 0 
62a21000-62b00000 ---p 00000000 00:00 0 
62b00000-62b21000 rw-p 00000000 00:00 0 
62b21000-62c00000 ---p 00000000 00:00 0 
62c30000-62c31000 ---p 00000000 00:00 0 
62c31000-62cb0000 rwxp 00000000 00:00 0 
62cb0000-62cb3000 ---p 00000000 00:00 0 
62cb3000-62d00000 rwxp 00000000 00:00 0 
62d00000-62d36000 rw-p 00000000 00:00 0 
62d36000-62e00000 ---p 00000000 00:00 0 
62e00000-62e03000 ---p 00000000 00:00 0 
62e03000-62e80000 rwxp 00000000 00:00 0 
62e80000-62e83000 ---p 00000000 00:00 0 
62e83000-62f00000 rwxp 00000000 00:00 0 
62f00000-62f21000 rw-p 00000000 00:00 0 
62f21000-63000000 ---p 00000000 00:00 0 
63027000-6302a000 ---p 00000000 00:00 0 
6302a000-63077000 rwxp 00000000 00:00 0 
63077000-63200000 r--p 00000000 b3:02 2434       /usr/lib/locale/locale-archive
63200000-63221000 rw-p 00000000 00:00 0 
63221000-63300000 ---p 00000000 00:00 0 
63300000-63321000 rw-p 00000000 00:00 0 
63321000-63400000 ---p 00000000 00:00 0 
63400000-63421000 rw-p 00000000 00:00 0 
63421000-63500000 ---p 00000000 00:00 0 
6353b000-6353e000 ---p 00000000 00:00 0 
6353e000-6358b000 rwxp 00000000 00:00 0 
6358b000-6358e000 ---p 00000000 00:00 0 
6358e000-635db000 rwxp 00000000 00:00 0 
635db000-635dc000 ---p 00000000 00:00 0 
635dc000-6365b000 rwxp 00000000 00:00 0 
6365b000-636aa000 rw-p 00000000 00:00 0 
636aa000-63882000 r--s 03d20000 b3:02 411803     /usr/lib/jvm/jdk-8-oracle-arm32-vfp-hflt/jre/lib/rt.jar
63882000-63b03000 rw-p 00000000 00:00 0 
63b03000-63d29000 ---p 00000000 00:00 0 
63d29000-63d2e000 rw-p 00000000 00:00 0 
63d2e000-63d7f000 ---p 00000000 00:00 0 
63d7f000-63d82000 rw-p 00000000 00:00 0 
63d82000-63da9000 ---p 00000000 00:00 0 
63da9000-63daf000 rw-p 00000000 00:00 0 
63daf000-63dff000 ---p 00000000 00:00 0 
63dff000-642a0000 rw-p 00000000 00:00 0 
642a0000-69340000 ---p 00000000 00:00 0 
69340000-69ca0000 rw-p 00000000 00:00 0 
69ca0000-73e00000 ---p 00000000 00:00 0 
73e2b000-73e31000 rw-p 00000000 00:00 0 
73e31000-73eab000 ---p 00000000 00:00 0 
73eab000-7402b000 rwxp 00000000 00:00 0 
7402b000-75eab000 ---p 00000000 00:00 0 
75eab000-75ec2000 r-xp 00000000 b3:02 411820     /usr/lib/jvm/jdk-8-oracle-arm32-vfp-hflt/jre/lib/arm/libzip.so
75ec2000-75ec9000 ---p 00017000 b3:02 411820     /usr/lib/jvm/jdk-8-oracle-arm32-vfp-hflt/jre/lib/arm/libzip.so
75ec9000-75eca000 rw-p 00016000 b3:02 411820     /usr/lib/jvm/jdk-8-oracle-arm32-vfp-hflt/jre/lib/arm/libzip.so
75eca000-75ed5000 r-xp 00000000 b3:02 1976       /lib/arm-linux-gnueabihf/libnss_files-2.19.so
75ed5000-75ee4000 ---p 0000b000 b3:02 1976       /lib/arm-linux-gnueabihf/libnss_files-2.19.so
75ee4000-75ee5000 r--p 0000a000 b3:02 1976       /lib/arm-linux-gnueabihf/libnss_files-2.19.so
75ee5000-75ee6000 rw-p 0000b000 b3:02 1976       /lib/arm-linux-gnueabihf/libnss_files-2.19.so
75ee6000-75eef000 r-xp 00000000 b3:02 1984       /lib/arm-linux-gnueabihf/libnss_nis-2.19.so
75eef000-75efe000 ---p 00009000 b3:02 1984       /lib/arm-linux-gnueabihf/libnss_nis-2.19.so
75efe000-75eff000 r--p 00008000 b3:02 1984       /lib/arm-linux-gnueabihf/libnss_nis-2.19.so
75eff000-75f00000 rw-p 00009000 b3:02 1984       /lib/arm-linux-gnueabihf/libnss_nis-2.19.so
75f00000-75f11000 r-xp 00000000 b3:02 1973       /lib/arm-linux-gnueabihf/libnsl-2.19.so
75f11000-75f20000 ---p 00011000 b3:02 1973       /lib/arm-linux-gnueabihf/libnsl-2.19.so
75f20000-75f21000 r--p 00010000 b3:02 1973       /lib/arm-linux-gnueabihf/libnsl-2.19.so
75f21000-75f22000 rw-p 00011000 b3:02 1973       /lib/arm-linux-gnueabihf/libnsl-2.19.so
75f22000-75f24000 rw-p 00000000 00:00 0 
75f24000-75f2b000 r-xp 00000000 b3:02 1974       /lib/arm-linux-gnueabihf/libnss_compat-2.19.so
75f2b000-75f3a000 ---p 00007000 b3:02 1974       /lib/arm-linux-gnueabihf/libnss_compat-2.19.so
75f3a000-75f3b000 r--p 00006000 b3:02 1974       /lib/arm-linux-gnueabihf/libnss_compat-2.19.so
75f3b000-75f3c000 rw-p 00007000 b3:02 1974       /lib/arm-linux-gnueabihf/libnss_compat-2.19.so
75f50000-75f73000 r-xp 00000000 b3:02 411846     /usr/lib/jvm/jdk-8-oracle-arm32-vfp-hflt/jre/lib/arm/libjava.so
75f73000-75f7b000 ---p 00023000 b3:02 411846     /usr/lib/jvm/jdk-8-oracle-arm32-vfp-hflt/jre/lib/arm/libjava.so
75f7b000-75f7c000 rw-p 00023000 b3:02 411846     /usr/lib/jvm/jdk-8-oracle-arm32-vfp-hflt/jre/lib/arm/libjava.so
75f7c000-75f82000 r-xp 00000000 b3:02 2002       /lib/arm-linux-gnueabihf/librt-2.19.so
75f82000-75f91000 ---p 00006000 b3:02 2002       /lib/arm-linux-gnueabihf/librt-2.19.so
75f91000-75f92000 r--p 00005000 b3:02 2002       /lib/arm-linux-gnueabihf/librt-2.19.so
75f92000-75f93000 rw-p 00006000 b3:02 2002       /lib/arm-linux-gnueabihf/librt-2.19.so
75f93000-75fa7000 r-xp 00000000 b3:02 1999       /lib/arm-linux-gnueabihf/libpthread-2.19.so
75fa7000-75fb7000 ---p 00014000 b3:02 1999       /lib/arm-linux-gnueabihf/libpthread-2.19.so
75fb7000-75fb8000 r--p 00014000 b3:02 1999       /lib/arm-linux-gnueabihf/libpthread-2.19.so
75fb8000-75fb9000 rw-p 00015000 b3:02 1999       /lib/arm-linux-gnueabihf/libpthread-2.19.so
75fb9000-75fbb000 rw-p 00000000 00:00 0 
75fbb000-75fbd000 r-xp 00000000 b3:02 1947       /lib/arm-linux-gnueabihf/libdl-2.19.so
75fbd000-75fcc000 ---p 00002000 b3:02 1947       /lib/arm-linux-gnueabihf/libdl-2.19.so
75fcc000-75fcd000 r--p 00001000 b3:02 1947       /lib/arm-linux-gnueabihf/libdl-2.19.so
75fcd000-75fce000 rw-p 00002000 b3:02 1947       /lib/arm-linux-gnueabihf/libdl-2.19.so
75fce000-760f9000 r-xp 00000000 b3:02 1939       /lib/arm-linux-gnueabihf/libc-2.19.so
760f9000-76109000 ---p 0012b000 b3:02 1939       /lib/arm-linux-gnueabihf/libc-2.19.so
76109000-7610b000 r--p 0012b000 b3:02 1939       /lib/arm-linux-gnueabihf/libc-2.19.so
7610b000-7610c000 rw-p 0012d000 b3:02 1939       /lib/arm-linux-gnueabihf/libc-2.19.so
7610c000-7610f000 rw-p 00000000 00:00 0 
7610f000-7612c000 r-xp 00000000 b3:02 1952       /lib/arm-linux-gnueabihf/libgcc_s.so.1
7612c000-7613b000 ---p 0001d000 b3:02 1952       /lib/arm-linux-gnueabihf/libgcc_s.so.1
7613b000-7613c000 rw-p 0001c000 b3:02 1952       /lib/arm-linux-gnueabihf/libgcc_s.so.1
7613c000-761a5000 r-xp 00000000 b3:02 1965       /lib/arm-linux-gnueabihf/libm-2.19.so
761a5000-761b5000 ---p 00069000 b3:02 1965       /lib/arm-linux-gnueabihf/libm-2.19.so
761b5000-761b6000 r--p 00069000 b3:02 1965       /lib/arm-linux-gnueabihf/libm-2.19.so
761b6000-761b7000 rw-p 0006a000 b3:02 1965       /lib/arm-linux-gnueabihf/libm-2.19.so
761b7000-76278000 r-xp 00000000 b3:02 10224      /usr/lib/arm-linux-gnueabihf/libstdc++.so.6.0.20
76278000-76287000 ---p 000c1000 b3:02 10224      /usr/lib/arm-linux-gnueabihf/libstdc++.so.6.0.20
76287000-7628b000 r--p 000c0000 b3:02 10224      /usr/lib/arm-linux-gnueabihf/libstdc++.so.6.0.20
7628b000-7628d000 rw-p 000c4000 b3:02 10224      /usr/lib/arm-linux-gnueabihf/libstdc++.so.6.0.20
7628d000-76294000 rw-p 00000000 00:00 0 
76294000-76295000 rw-p 00000000 00:00 0 
76295000-7629e000 r-xp 00000000 b3:02 411853     /usr/lib/jvm/jdk-8-oracle-arm32-vfp-hflt/jre/lib/arm/libverify.so
7629e000-762a6000 ---p 00009000 b3:02 411853     /usr/lib/jvm/jdk-8-oracle-arm32-vfp-hflt/jre/lib/arm/libverify.so
762a6000-762a7000 rw-p 00009000 b3:02 411853     /usr/lib/jvm/jdk-8-oracle-arm32-vfp-hflt/jre/lib/arm/libverify.so
762a7000-76a3b000 r-xp 00000000 b3:02 411826     /usr/lib/jvm/jdk-8-oracle-arm32-vfp-hflt/jre/lib/arm/server/libjvm.so
76a3b000-76a42000 ---p 00794000 b3:02 411826     /usr/lib/jvm/jdk-8-oracle-arm32-vfp-hflt/jre/lib/arm/server/libjvm.so
76a42000-76a97000 rw-p 00793000 b3:02 411826     /usr/lib/jvm/jdk-8-oracle-arm32-vfp-hflt/jre/lib/arm/server/libjvm.so
76a97000-76ebd000 rw-p 00000000 00:00 0 
76ebd000-76ec2000 r-xp 00000000 b3:02 10122      /usr/lib/arm-linux-gnueabihf/libarmmem.so
76ec2000-76ed1000 ---p 00005000 b3:02 10122      /usr/lib/arm-linux-gnueabihf/libarmmem.so
76ed1000-76ed2000 rw-p 00004000 b3:02 10122      /usr/lib/arm-linux-gnueabihf/libarmmem.so
76ed2000-76ef2000 r-xp 00000000 b3:02 1904       /lib/arm-linux-gnueabihf/ld-2.19.so
76ef2000-76efa000 rw-s 00000000 b3:02 285996     /tmp/hsperfdata_pi/5959
76efa000-76efb000 r--p 00000000 00:00 0 
76efb000-76eff000 rw-p 00000000 00:00 0 
76eff000-76f01000 rw-p 00000000 00:00 0 
76f01000-76f02000 r--p 0001f000 b3:02 1904       /lib/arm-linux-gnueabihf/ld-2.19.so
76f02000-76f03000 rw-p 00020000 b3:02 1904       /lib/arm-linux-gnueabihf/ld-2.19.so
7eaac000-7eaaf000 ---p 00000000 00:00 0 
7eab0000-7eafc000 rwxp 00000000 00:00 0          [stack]
7ec79000-7ec7a000 r-xp 00000000 00:00 0          [sigpage]
7ec7a000-7ec7b000 r--p 00000000 00:00 0          [vvar]
7ec7b000-7ec7c000 r-xp 00000000 00:00 0          [vdso]
ffff0000-ffff1000 r-xp 00000000 00:00 0          [vectors]

VM Arguments:
jvm_args: -Xmx256m 
java_command: <unknown>
java_class_path (initial): ../../../lib/voce.jar
Launcher Type: generic

Environment Variables:
PATH=/usr/local/sbin:/usr/local/bin:/usr/sbin:/usr/bin:/sbin:/bin:/usr/local/games:/usr/games
LD_LIBRARY_PATH=/usr/lib/jvm/jdk-8-oracle-arm32-vfp-hflt/jre/lib/arm:/usr/lib/jvm/jdk-8-oracle-arm32-vfp-hflt/jre/lib/arm/server
SHELL=/bin/bash

Signal Handlers:
SIGSEGV: [libjvm.so+0x707a9c], sa_mask[0]=11111111011111111101111111111110, sa_flags=SA_RESTART|SA_SIGINFO
SIGBUS: [libjvm.so+0x707a9c], sa_mask[0]=11111111011111111101111111111110, sa_flags=SA_RESTART|SA_SIGINFO
SIGFPE: [libjvm.so+0x59b294], sa_mask[0]=11111111011111111101111111111110, sa_flags=SA_RESTART|SA_SIGINFO
SIGPIPE: [libjvm.so+0x59b294], sa_mask[0]=11111111011111111101111111111110, sa_flags=SA_RESTART|SA_SIGINFO
SIGXFSZ: [libjvm.so+0x59b294], sa_mask[0]=11111111011111111101111111111110, sa_flags=SA_RESTART|SA_SIGINFO
SIGILL: [libjvm.so+0x59b294], sa_mask[0]=11111111011111111101111111111110, sa_flags=SA_RESTART|SA_SIGINFO
SIGUSR1: SIG_DFL, sa_mask[0]=00000000000000000000000000000000, sa_flags=none
SIGUSR2: [libjvm.so+0x59b3f8], sa_mask[0]=00000000000000000000000000000000, sa_flags=SA_RESTART|SA_SIGINFO
SIGHUP: [libjvm.so+0x59b82c], sa_mask[0]=11111111011111111101111111111110, sa_flags=SA_RESTART|SA_SIGINFO
SIGINT: [libjvm.so+0x59b82c], sa_mask[0]=11111111011111111101111111111110, sa_flags=SA_RESTART|SA_SIGINFO
SIGTERM: [libjvm.so+0x59b82c], sa_mask[0]=11111111011111111101111111111110, sa_flags=SA_RESTART|SA_SIGINFO
SIGQUIT: [libjvm.so+0x59b82c], sa_mask[0]=11111111011111111101111111111110, sa_flags=SA_RESTART|SA_SIGINFO


---------------  S Y S T E M  ---------------

OS:PRETTY_NAME="Raspbian GNU/Linux 8 (jessie)"
NAME="Raspbian GNU/Linux"
VERSION_ID="8"
VERSION="8 (jessie)"
ID=raspbian
ID_LIKE=debian
HOME_URL="http://www.raspbian.org/"
SUPPORT_URL="http://www.raspbian.org/RaspbianForums"
BUG_REPORT_URL="http://www.raspbian.org/RaspbianBugs"

uname:Linux 4.4.50-v7+ #970 SMP Mon Feb 20 19:18:29 GMT 2017 armv7l
libc:glibc 2.19 NPTL 2.19 
rlimit: STACK 8192k, CORE 0k, NPROC 6828, NOFILE 65536, AS infinity
load average:0.15 0.18 0.27

/proc/meminfo:
MemTotal:         882772 kB
MemFree:          173856 kB
MemAvailable:     713244 kB
Buffers:           27268 kB
Cached:           548040 kB
SwapCached:            0 kB
Active:           379064 kB
Inactive:         276124 kB
Active(anon):      80228 kB
Inactive(anon):     7832 kB
Active(file):     298836 kB
Inactive(file):   268292 kB
Unevictable:           0 kB
Mlocked:               0 kB
SwapTotal:        102396 kB
SwapFree:         102396 kB
Dirty:                 0 kB
Writeback:             0 kB
AnonPages:         79876 kB
Mapped:            86140 kB
Shmem:              8184 kB
Slab:              36996 kB
SReclaimable:      26440 kB
SUnreclaim:        10556 kB
KernelStack:        1704 kB
PageTables:         2972 kB
NFS_Unstable:          0 kB
Bounce:                0 kB
WritebackTmp:          0 kB
CommitLimit:      543780 kB
Committed_AS:     766956 kB
VmallocTotal:    1179648 kB
VmallocUsed:           0 kB
VmallocChunk:          0 kB
CmaTotal:           8192 kB
CmaFree:            3716 kB


CPU:total 4 (ARMv7), vfp, vfp3-32, simd

/proc/cpuinfo:
processor	: 0
model name	: ARMv7 Processor rev 4 (v7l)
BogoMIPS	: 76.80
Features	: half thumb fastmult vfp edsp neon vfpv3 tls vfpv4 idiva idivt vfpd32 lpae evtstrm crc32 
CPU implementer	: 0x41
CPU architecture: 7
CPU variant	: 0x0
CPU part	: 0xd03
CPU revision	: 4

processor	: 1
model name	: ARMv7 Processor rev 4 (v7l)
BogoMIPS	: 76.80
Features	: half thumb fastmult vfp edsp neon vfpv3 tls vfpv4 idiva idivt vfpd32 lpae evtstrm crc32 
CPU implementer	: 0x41
CPU architecture: 7
CPU variant	: 0x0
CPU part	: 0xd03
CPU revision	: 4

processor	: 2
model name	: ARMv7 Processor rev 4 (v7l)
BogoMIPS	: 76.80
Features	: half thumb fastmult vfp edsp neon vfpv3 tls vfpv4 idiva idivt vfpd32 lpae evtstrm crc32 
CPU implementer	: 0x41
CPU architecture: 7
CPU variant	: 0x0
CPU part	: 0xd03
CPU revision	: 4

processor	: 3
model name	: ARMv7 Processor rev 4 (v7l)
BogoMIPS	: 76.80
Features	: half thumb fastmult vfp edsp neon vfpv3 tls vfpv4 idiva idivt vfpd32 lpae evtstrm crc32 
CPU implementer	: 0x41
CPU architecture: 7
CPU variant	: 0x0
CPU part	: 0xd03
CPU revision	: 4

Hardware	: BCM2709
Revision	: a02082
Serial		: 000000004ca3d787


Memory: 4k page, physical 882772k(173856k free), swap 102396k(102396k free)

vm_info: Java HotSpot(TM) Server VM (25.65-b01) for linux-arm-vfp-hflt JRE (1.8.0_65-b17), built on Oct  6 2015 15:57:36 by "java_re" with gcc 4.7.2 20120910 (prerelease)

time: Thu Apr 20 13:58:33 2017
elapsed time: 0 seconds (0d 0h 0m 0s)

