#
# A fatal error has been detected by the Java Runtime Environment:
#
#  SIGSEGV (0xb) at pc=0x7672068c, pid=6868, tid=1996063328
#
# JRE version: Java(TM) SE Runtime Environment (8.0_65-b17) (build 1.8.0_65-b17)
# Java VM: Java HotSpot(TM) Server VM (25.65-b01 mixed mode linux-arm )
# Problematic frame:
# V  [libjvm.so+0x3dd68c]
#
# Failed to write core dump. Core dumps have been disabled. To enable core dumping, try "ulimit -c unlimited" before starting Java again
#
# If you would like to submit a bug report, please visit:
#   http://bugreport.java.com/bugreport/crash.jsp
#

---------------  T H R E A D  ---------------

Current thread (0x01a08400):  JavaThread "main" [_thread_in_vm, id=6868, stack(0x7eb85000,0x7ebd5000)]

siginfo: si_signo: 11 (SIGSEGV), si_code: 1 (SEGV_MAPERR), si_addr: 0x00000000

Registers:
  r0  = 0x7ebd440c
  r1  = 0x00000000
  r2  = 0x7ebd445c
  r3  = 0x0000000a
  r4  = 0x01a08400
  r5  = 0x01a0853c
  r6  = 0x00000000
  r7  = 0x7ebd445c
  r8  = 0x00000000
  r9  = 0x00000000
  r10 = 0x76f9e000
  fp  = 0x7ebd443c
  r12 = 0x7671b938
  sp  = 0x7ebd43d0
  lr  = 0x7671b9c4
  pc  = 0x7672068c
  cpsr = 0x80000010

Top of Stack: (sp=0x7ebd43d0)
0x7ebd43d0:   01a08400 01a0853c 7ebd443c 7671b9c4
0x7ebd43e0:   00000015 760e440c 0000000a 00000064
0x7ebd43f0:   0000000a 76f98260 00000000 01a08400
0x7ebd4400:   01a06bf8 000000c7 76abde8c 00023e98
0x7ebd4410:   76f98720 00000000 00010538 00000001
0x7ebd4420:   7ebd44ac 76f7d3b8 00000000 00000000
0x7ebd4430:   00010cf0 00000000 7ebd4454 00012f70
0x7ebd4440:   00000000 01a0853c 7ebd445c 00000000 

Instructions: (pc=0x7672068c)
0x7672066c:   e3a00003 ebffb366 e3500000 13a03001
0x7672067c:   15c43000 e1a00004 e8bd8818 e92d4830
0x7672068c:   e5913000 e1a05002 e5933004 e28db00c
0x7672069c:   e1d321ba e5933008 e1a04000 e0833102 

Register to memory mapping:

  r0  = 0x7ebd440c
0x7ebd440c is pointing into the stack for thread: 0x01a08400

  r1  = 0x00000000
0x00000000 is an unknown value

  r2  = 0x7ebd445c
0x7ebd445c is pointing into the stack for thread: 0x01a08400

  r3  = 0x0000000a
0x0000000a is an unknown value

  r4  = 0x01a08400
0x01a08400 is a thread

  r5  = 0x01a0853c
0x01a0853c is an unknown value

  r6  = 0x00000000
0x00000000 is an unknown value

  r7  = 0x7ebd445c
0x7ebd445c is pointing into the stack for thread: 0x01a08400

  r8  = 0x00000000
0x00000000 is an unknown value

  r9  = 0x00000000
0x00000000 is an unknown value

  r10 = 0x76f9e000
0x76f9e000: <offset 0x30000> in /lib/ld-linux-armhf.so.3 at 0x76f6e000

  fp  = 0x7ebd443c
0x7ebd443c is pointing into the stack for thread: 0x01a08400

  r12 = 0x7671b938
0x7671b938: <offset 0x3d8938> in /usr/lib/jvm/jdk-8-oracle-arm32-vfp-hflt/jre/lib/arm/server/libjvm.so at 0x76343000

  sp  = 0x7ebd43d0
0x7ebd43d0 is pointing into the stack for thread: 0x01a08400

  lr  = 0x7671b9c4
0x7671b9c4: <offset 0x3d89c4> in /usr/lib/jvm/jdk-8-oracle-arm32-vfp-hflt/jre/lib/arm/server/libjvm.so at 0x76343000

  pc  = 0x7672068c
0x7672068c: <offset 0x3dd68c> in /usr/lib/jvm/jdk-8-oracle-arm32-vfp-hflt/jre/lib/arm/server/libjvm.so at 0x76343000



Stack: [0x7eb85000,0x7ebd5000],  sp=0x7ebd43d0,  free space=316k
Native frames: (J=compiled Java code, j=interpreted, Vv=VM code, C=native code)
V  [libjvm.so+0x3dd68c]


---------------  P R O C E S S  ---------------

Java Threads: ( => current thread )
  0x01a85800 JavaThread "Service Thread" daemon [_thread_blocked, id=6875, stack(0x63410000,0x63460000)]
  0x01a82800 JavaThread "C2 CompilerThread1" daemon [_thread_blocked, id=6874, stack(0x62e00000,0x62e80000)]
  0x01a80c00 JavaThread "C2 CompilerThread0" daemon [_thread_blocked, id=6873, stack(0x62e80000,0x62f00000)]
  0x01a7f400 JavaThread "Signal Dispatcher" daemon [_thread_blocked, id=6872, stack(0x63460000,0x634b0000)]
  0x01a63400 JavaThread "Finalizer" daemon [_thread_blocked, id=6871, stack(0x634b0000,0x63500000)]
  0x01a61c00 JavaThread "Reference Handler" daemon [_thread_blocked, id=6870, stack(0x6360c000,0x6365c000)]
=>0x01a08400 JavaThread "main" [_thread_in_vm, id=6868, stack(0x7eb85000,0x7ebd5000)]

Other Threads:
  0x01a5ec00 VMThread [stack: 0x6365c000,0x636dc000] [id=6869]
  0x01a87c00 WatcherThread [stack: 0x62a80000,0x62b00000] [id=6876]

VM state:not at safepoint (normal execution)

VM Mutex/Monitor currently owned by a thread: None

Heap:
 def new generation   total 4352K, used 398K [0x63e00000, 0x642a0000, 0x69340000)
  eden space 3968K,  10% used [0x63e00000, 0x63e63968, 0x641e0000)
  from space 384K,   0% used [0x641e0000, 0x641e0000, 0x64240000)
  to   space 384K,   0% used [0x64240000, 0x64240000, 0x642a0000)
 tenured generation   total 9600K, used 0K [0x69340000, 0x69ca0000, 0x73e00000)
   the space 9600K,   0% used [0x69340000, 0x69340000, 0x69340200, 0x69ca0000)
 Metaspace       used 1466K, capacity 2200K, committed 2200K, reserved 4400K

Card table byte_map: [0x73e46000,0x73ec7000] byte_map_base: 0x73b27000

Polling page: 0x76f96000

CodeCache: size=32768Kb used=314Kb max_used=314Kb free=32453Kb
 bounds [0x73f47000, 0x740c7000, 0x75f47000]
 total_blobs=114 nmethods=0 adapters=67
 compilation: enabled

Compilation events (0 events):
No events

GC Heap History (0 events):
No events

Deoptimization events (0 events):
No events

Internal exceptions (5 events):
Event: 0.100 Thread 0x01a08400 Exception <a 'java/lang/NoSuchMethodError': Method sun.misc.Unsafe.defineClass(Ljava/lang/String;[BII)Ljava/lang/Class; name or signature does not match> (0x63e10338) thrown at [/HUDSON/workspace/8-2-build-glinux-arm-vfp-hflt/jdk8u65/4987/hotspot/src/shar
Event: 0.100 Thread 0x01a08400 Exception <a 'java/lang/NoSuchMethodError': Method sun.misc.Unsafe.prefetchRead(Ljava/lang/Object;J)V name or signature does not match> (0x63e10608) thrown at [/HUDSON/workspace/8-2-build-glinux-arm-vfp-hflt/jdk8u65/4987/hotspot/src/share/vm/prims/jni.cpp
Event: 0.220 Thread 0x01a08400 Exception <a 'java/security/PrivilegedActionException'> (0x63e61f20) thrown at [/HUDSON/workspace/8-2-build-glinux-arm-vfp-hflt/jdk8u65/4987/hotspot/src/share/vm/prims/jvm.cpp, line 1386]
Event: 0.220 Thread 0x01a08400 Exception <a 'java/security/PrivilegedActionException'> (0x63e62120) thrown at [/HUDSON/workspace/8-2-build-glinux-arm-vfp-hflt/jdk8u65/4987/hotspot/src/share/vm/prims/jvm.cpp, line 1386]
Event: 0.221 Thread 0x01a08400 Exception <a 'java/lang/NoClassDefFoundError': voce/SpeechInterface> (0x63e62568) thrown at [/HUDSON/workspace/8-2-build-glinux-arm-vfp-hflt/jdk8u65/4987/hotspot/src/share/vm/classfile/systemDictionary.cpp, line 199]

Events (10 events):
Event: 0.219 loading class sun/misc/URLClassPath$JarLoader$1
Event: 0.219 loading class sun/misc/URLClassPath$JarLoader$1 done
Event: 0.219 loading class sun/misc/FileURLMapper
Event: 0.220 loading class sun/misc/FileURLMapper done
Event: 0.220 loading class java/io/FileNotFoundException
Event: 0.220 loading class java/io/IOException
Event: 0.220 loading class java/io/IOException done
Event: 0.220 loading class java/io/FileNotFoundException done
Event: 0.220 loading class java/security/PrivilegedActionException
Event: 0.220 loading class java/security/PrivilegedActionException done


Dynamic libraries:
00010000-00014000 r-xp 00000000 b3:02 285994     /home/pi/Documents/Thesis_Bioloid/audio/main
00023000-00024000 rw-p 00003000 b3:02 285994     /home/pi/Documents/Thesis_Bioloid/audio/main
01a01000-01a94000 rw-p 00000000 00:00 0          [heap]
62a80000-62a81000 ---p 00000000 00:00 0 
62a81000-62b00000 rwxp 00000000 00:00 0 
62b00000-62b21000 rw-p 00000000 00:00 0 
62b21000-62c00000 ---p 00000000 00:00 0 
62c00000-62c21000 rw-p 00000000 00:00 0 
62c21000-62d00000 ---p 00000000 00:00 0 
62d00000-62d45000 rw-p 00000000 00:00 0 
62d45000-62e00000 ---p 00000000 00:00 0 
62e00000-62e03000 ---p 00000000 00:00 0 
62e03000-62e80000 rwxp 00000000 00:00 0 
62e80000-62e83000 ---p 00000000 00:00 0 
62e83000-62f00000 rwxp 00000000 00:00 0 
62f00000-62f21000 rw-p 00000000 00:00 0 
62f21000-63000000 ---p 00000000 00:00 0 
63077000-63200000 r--p 00000000 b3:02 2434       /usr/lib/locale/locale-archive
63200000-63221000 rw-p 00000000 00:00 0 
63221000-63300000 ---p 00000000 00:00 0 
63300000-63321000 rw-p 00000000 00:00 0 
63321000-63400000 ---p 00000000 00:00 0 
63410000-63413000 ---p 00000000 00:00 0 
63413000-63460000 rwxp 00000000 00:00 0 
63460000-63463000 ---p 00000000 00:00 0 
63463000-634b0000 rwxp 00000000 00:00 0 
634b0000-634b3000 ---p 00000000 00:00 0 
634b3000-63500000 rwxp 00000000 00:00 0 
63500000-63521000 rw-p 00000000 00:00 0 
63521000-63600000 ---p 00000000 00:00 0 
6360c000-6360f000 ---p 00000000 00:00 0 
6360f000-6365c000 rwxp 00000000 00:00 0 
6365c000-6365d000 ---p 00000000 00:00 0 
6365d000-636dc000 rwxp 00000000 00:00 0 
636dc000-6372b000 rw-p 00000000 00:00 0 
6372b000-63903000 r--s 03d20000 b3:02 411803     /usr/lib/jvm/jdk-8-oracle-arm32-vfp-hflt/jre/lib/rt.jar
63903000-63b84000 rw-p 00000000 00:00 0 
63b84000-63daa000 ---p 00000000 00:00 0 
63daa000-63daf000 rw-p 00000000 00:00 0 
63daf000-63e00000 ---p 00000000 00:00 0 
63e00000-642a0000 rw-p 00000000 00:00 0 
642a0000-69340000 ---p 00000000 00:00 0 
69340000-69ca0000 rw-p 00000000 00:00 0 
69ca0000-73e00000 ---p 00000000 00:00 0 
73e46000-73e49000 rw-p 00000000 00:00 0 
73e49000-73e70000 ---p 00000000 00:00 0 
73e70000-73e76000 rw-p 00000000 00:00 0 
73e76000-73ec6000 ---p 00000000 00:00 0 
73ec6000-73ecd000 rw-p 00000000 00:00 0 
73ecd000-73f47000 ---p 00000000 00:00 0 
73f47000-740c7000 rwxp 00000000 00:00 0 
740c7000-75f47000 ---p 00000000 00:00 0 
75f47000-75f5e000 r-xp 00000000 b3:02 411820     /usr/lib/jvm/jdk-8-oracle-arm32-vfp-hflt/jre/lib/arm/libzip.so
75f5e000-75f65000 ---p 00017000 b3:02 411820     /usr/lib/jvm/jdk-8-oracle-arm32-vfp-hflt/jre/lib/arm/libzip.so
75f65000-75f66000 rw-p 00016000 b3:02 411820     /usr/lib/jvm/jdk-8-oracle-arm32-vfp-hflt/jre/lib/arm/libzip.so
75f66000-75f71000 r-xp 00000000 b3:02 1976       /lib/arm-linux-gnueabihf/libnss_files-2.19.so
75f71000-75f80000 ---p 0000b000 b3:02 1976       /lib/arm-linux-gnueabihf/libnss_files-2.19.so
75f80000-75f81000 r--p 0000a000 b3:02 1976       /lib/arm-linux-gnueabihf/libnss_files-2.19.so
75f81000-75f82000 rw-p 0000b000 b3:02 1976       /lib/arm-linux-gnueabihf/libnss_files-2.19.so
75f82000-75f8b000 r-xp 00000000 b3:02 1984       /lib/arm-linux-gnueabihf/libnss_nis-2.19.so
75f8b000-75f9a000 ---p 00009000 b3:02 1984       /lib/arm-linux-gnueabihf/libnss_nis-2.19.so
75f9a000-75f9b000 r--p 00008000 b3:02 1984       /lib/arm-linux-gnueabihf/libnss_nis-2.19.so
75f9b000-75f9c000 rw-p 00009000 b3:02 1984       /lib/arm-linux-gnueabihf/libnss_nis-2.19.so
75f9c000-75fad000 r-xp 00000000 b3:02 1973       /lib/arm-linux-gnueabihf/libnsl-2.19.so
75fad000-75fbc000 ---p 00011000 b3:02 1973       /lib/arm-linux-gnueabihf/libnsl-2.19.so
75fbc000-75fbd000 r--p 00010000 b3:02 1973       /lib/arm-linux-gnueabihf/libnsl-2.19.so
75fbd000-75fbe000 rw-p 00011000 b3:02 1973       /lib/arm-linux-gnueabihf/libnsl-2.19.so
75fbe000-75fc0000 rw-p 00000000 00:00 0 
75fc0000-75fc7000 r-xp 00000000 b3:02 1974       /lib/arm-linux-gnueabihf/libnss_compat-2.19.so
75fc7000-75fd6000 ---p 00007000 b3:02 1974       /lib/arm-linux-gnueabihf/libnss_compat-2.19.so
75fd6000-75fd7000 r--p 00006000 b3:02 1974       /lib/arm-linux-gnueabihf/libnss_compat-2.19.so
75fd7000-75fd8000 rw-p 00007000 b3:02 1974       /lib/arm-linux-gnueabihf/libnss_compat-2.19.so
75fec000-7600f000 r-xp 00000000 b3:02 411846     /usr/lib/jvm/jdk-8-oracle-arm32-vfp-hflt/jre/lib/arm/libjava.so
7600f000-76017000 ---p 00023000 b3:02 411846     /usr/lib/jvm/jdk-8-oracle-arm32-vfp-hflt/jre/lib/arm/libjava.so
76017000-76018000 rw-p 00023000 b3:02 411846     /usr/lib/jvm/jdk-8-oracle-arm32-vfp-hflt/jre/lib/arm/libjava.so
76018000-7601e000 r-xp 00000000 b3:02 2002       /lib/arm-linux-gnueabihf/librt-2.19.so
7601e000-7602d000 ---p 00006000 b3:02 2002       /lib/arm-linux-gnueabihf/librt-2.19.so
7602d000-7602e000 r--p 00005000 b3:02 2002       /lib/arm-linux-gnueabihf/librt-2.19.so
7602e000-7602f000 rw-p 00006000 b3:02 2002       /lib/arm-linux-gnueabihf/librt-2.19.so
7602f000-76043000 r-xp 00000000 b3:02 1999       /lib/arm-linux-gnueabihf/libpthread-2.19.so
76043000-76053000 ---p 00014000 b3:02 1999       /lib/arm-linux-gnueabihf/libpthread-2.19.so
76053000-76054000 r--p 00014000 b3:02 1999       /lib/arm-linux-gnueabihf/libpthread-2.19.so
76054000-76055000 rw-p 00015000 b3:02 1999       /lib/arm-linux-gnueabihf/libpthread-2.19.so
76055000-76057000 rw-p 00000000 00:00 0 
76057000-76059000 r-xp 00000000 b3:02 1947       /lib/arm-linux-gnueabihf/libdl-2.19.so
76059000-76068000 ---p 00002000 b3:02 1947       /lib/arm-linux-gnueabihf/libdl-2.19.so
76068000-76069000 r--p 00001000 b3:02 1947       /lib/arm-linux-gnueabihf/libdl-2.19.so
76069000-7606a000 rw-p 00002000 b3:02 1947       /lib/arm-linux-gnueabihf/libdl-2.19.so
7606a000-76195000 r-xp 00000000 b3:02 1939       /lib/arm-linux-gnueabihf/libc-2.19.so
76195000-761a5000 ---p 0012b000 b3:02 1939       /lib/arm-linux-gnueabihf/libc-2.19.so
761a5000-761a7000 r--p 0012b000 b3:02 1939       /lib/arm-linux-gnueabihf/libc-2.19.so
761a7000-761a8000 rw-p 0012d000 b3:02 1939       /lib/arm-linux-gnueabihf/libc-2.19.so
761a8000-761ab000 rw-p 00000000 00:00 0 
761ab000-761c8000 r-xp 00000000 b3:02 1952       /lib/arm-linux-gnueabihf/libgcc_s.so.1
761c8000-761d7000 ---p 0001d000 b3:02 1952       /lib/arm-linux-gnueabihf/libgcc_s.so.1
761d7000-761d8000 rw-p 0001c000 b3:02 1952       /lib/arm-linux-gnueabihf/libgcc_s.so.1
761d8000-76241000 r-xp 00000000 b3:02 1965       /lib/arm-linux-gnueabihf/libm-2.19.so
76241000-76251000 ---p 00069000 b3:02 1965       /lib/arm-linux-gnueabihf/libm-2.19.so
76251000-76252000 r--p 00069000 b3:02 1965       /lib/arm-linux-gnueabihf/libm-2.19.so
76252000-76253000 rw-p 0006a000 b3:02 1965       /lib/arm-linux-gnueabihf/libm-2.19.so
76253000-76314000 r-xp 00000000 b3:02 10224      /usr/lib/arm-linux-gnueabihf/libstdc++.so.6.0.20
76314000-76323000 ---p 000c1000 b3:02 10224      /usr/lib/arm-linux-gnueabihf/libstdc++.so.6.0.20
76323000-76327000 r--p 000c0000 b3:02 10224      /usr/lib/arm-linux-gnueabihf/libstdc++.so.6.0.20
76327000-76329000 rw-p 000c4000 b3:02 10224      /usr/lib/arm-linux-gnueabihf/libstdc++.so.6.0.20
76329000-76330000 rw-p 00000000 00:00 0 
76330000-76331000 rw-p 00000000 00:00 0 
76331000-7633a000 r-xp 00000000 b3:02 411853     /usr/lib/jvm/jdk-8-oracle-arm32-vfp-hflt/jre/lib/arm/libverify.so
7633a000-76342000 ---p 00009000 b3:02 411853     /usr/lib/jvm/jdk-8-oracle-arm32-vfp-hflt/jre/lib/arm/libverify.so
76342000-76343000 rw-p 00009000 b3:02 411853     /usr/lib/jvm/jdk-8-oracle-arm32-vfp-hflt/jre/lib/arm/libverify.so
76343000-76ad7000 r-xp 00000000 b3:02 411826     /usr/lib/jvm/jdk-8-oracle-arm32-vfp-hflt/jre/lib/arm/server/libjvm.so
76ad7000-76ade000 ---p 00794000 b3:02 411826     /usr/lib/jvm/jdk-8-oracle-arm32-vfp-hflt/jre/lib/arm/server/libjvm.so
76ade000-76b33000 rw-p 00793000 b3:02 411826     /usr/lib/jvm/jdk-8-oracle-arm32-vfp-hflt/jre/lib/arm/server/libjvm.so
76b33000-76f59000 rw-p 00000000 00:00 0 
76f59000-76f5e000 r-xp 00000000 b3:02 10122      /usr/lib/arm-linux-gnueabihf/libarmmem.so
76f5e000-76f6d000 ---p 00005000 b3:02 10122      /usr/lib/arm-linux-gnueabihf/libarmmem.so
76f6d000-76f6e000 rw-p 00004000 b3:02 10122      /usr/lib/arm-linux-gnueabihf/libarmmem.so
76f6e000-76f8e000 r-xp 00000000 b3:02 1904       /lib/arm-linux-gnueabihf/ld-2.19.so
76f8e000-76f96000 rw-s 00000000 b3:02 285996     /tmp/hsperfdata_pi/6868
76f96000-76f97000 r--p 00000000 00:00 0 
76f97000-76f9b000 rw-p 00000000 00:00 0 
76f9b000-76f9d000 rw-p 00000000 00:00 0 
76f9d000-76f9e000 r--p 0001f000 b3:02 1904       /lib/arm-linux-gnueabihf/ld-2.19.so
76f9e000-76f9f000 rw-p 00020000 b3:02 1904       /lib/arm-linux-gnueabihf/ld-2.19.so
7eb85000-7eb88000 ---p 00000000 00:00 0 
7eb89000-7ebd5000 rwxp 00000000 00:00 0          [stack]
7ef64000-7ef65000 r-xp 00000000 00:00 0          [sigpage]
7ef65000-7ef66000 r--p 00000000 00:00 0          [vvar]
7ef66000-7ef67000 r-xp 00000000 00:00 0          [vdso]
ffff0000-ffff1000 r-xp 00000000 00:00 0          [vectors]

VM Arguments:
jvm_args: -Xmx256m 
java_command: <unknown>
java_class_path (initial): /lib/voce.jar
Launcher Type: generic

Environment Variables:
PATH=/usr/local/sbin:/usr/local/bin:/usr/sbin:/usr/bin:/sbin:/bin:/usr/local/games:/usr/games
LD_LIBRARY_PATH=/usr/lib/jvm/jdk-8-oracle-arm32-vfp-hflt/jre/lib/arm:/usr/lib/jvm/jdk-8-oracle-arm32-vfp-hflt/jre/lib/arm/server
SHELL=/bin/bash

Signal Handlers:
SIGSEGV: [libjvm.so+0x707a9c], sa_mask[0]=11111111011111111101111111111110, sa_flags=SA_RESTART|SA_SIGINFO
SIGBUS: [libjvm.so+0x707a9c], sa_mask[0]=11111111011111111101111111111110, sa_flags=SA_RESTART|SA_SIGINFO
SIGFPE: [libjvm.so+0x59b294], sa_mask[0]=11111111011111111101111111111110, sa_flags=SA_RESTART|SA_SIGINFO
SIGPIPE: [libjvm.so+0x59b294], sa_mask[0]=11111111011111111101111111111110, sa_flags=SA_RESTART|SA_SIGINFO
SIGXFSZ: [libjvm.so+0x59b294], sa_mask[0]=11111111011111111101111111111110, sa_flags=SA_RESTART|SA_SIGINFO
SIGILL: [libjvm.so+0x59b294], sa_mask[0]=11111111011111111101111111111110, sa_flags=SA_RESTART|SA_SIGINFO
SIGUSR1: SIG_DFL, sa_mask[0]=00000000000000000000000000000000, sa_flags=none
SIGUSR2: [libjvm.so+0x59b3f8], sa_mask[0]=00000000000000000000000000000000, sa_flags=SA_RESTART|SA_SIGINFO
SIGHUP: [libjvm.so+0x59b82c], sa_mask[0]=11111111011111111101111111111110, sa_flags=SA_RESTART|SA_SIGINFO
SIGINT: [libjvm.so+0x59b82c], sa_mask[0]=11111111011111111101111111111110, sa_flags=SA_RESTART|SA_SIGINFO
SIGTERM: [libjvm.so+0x59b82c], sa_mask[0]=11111111011111111101111111111110, sa_flags=SA_RESTART|SA_SIGINFO
SIGQUIT: [libjvm.so+0x59b82c], sa_mask[0]=11111111011111111101111111111110, sa_flags=SA_RESTART|SA_SIGINFO


---------------  S Y S T E M  ---------------

OS:PRETTY_NAME="Raspbian GNU/Linux 8 (jessie)"
NAME="Raspbian GNU/Linux"
VERSION_ID="8"
VERSION="8 (jessie)"
ID=raspbian
ID_LIKE=debian
HOME_URL="http://www.raspbian.org/"
SUPPORT_URL="http://www.raspbian.org/RaspbianForums"
BUG_REPORT_URL="http://www.raspbian.org/RaspbianBugs"

uname:Linux 4.4.50-v7+ #970 SMP Mon Feb 20 19:18:29 GMT 2017 armv7l
libc:glibc 2.19 NPTL 2.19 
rlimit: STACK 8192k, CORE 0k, NPROC 6828, NOFILE 65536, AS infinity
load average:0.15 0.12 0.11

/proc/meminfo:
MemTotal:         882772 kB
MemFree:          136896 kB
MemAvailable:     713056 kB
Buffers:           27448 kB
Cached:           584360 kB
SwapCached:            0 kB
Active:           402824 kB
Inactive:         288860 kB
Active(anon):      80224 kB
Inactive(anon):     7832 kB
Active(file):     322600 kB
Inactive(file):   281028 kB
Unevictable:           0 kB
Mlocked:               0 kB
SwapTotal:        102396 kB
SwapFree:         102396 kB
Dirty:               336 kB
Writeback:             0 kB
AnonPages:         79972 kB
Mapped:            86160 kB
Shmem:              8184 kB
Slab:              37608 kB
SReclaimable:      26984 kB
SUnreclaim:        10624 kB
KernelStack:        1712 kB
PageTables:         3120 kB
NFS_Unstable:          0 kB
Bounce:                0 kB
WritebackTmp:          0 kB
CommitLimit:      543780 kB
Committed_AS:     765740 kB
VmallocTotal:    1179648 kB
VmallocUsed:           0 kB
VmallocChunk:          0 kB
CmaTotal:           8192 kB
CmaFree:            3716 kB


CPU:total 4 (ARMv7), vfp, vfp3-32, simd

/proc/cpuinfo:
processor	: 0
model name	: ARMv7 Processor rev 4 (v7l)
BogoMIPS	: 76.80
Features	: half thumb fastmult vfp edsp neon vfpv3 tls vfpv4 idiva idivt vfpd32 lpae evtstrm crc32 
CPU implementer	: 0x41
CPU architecture: 7
CPU variant	: 0x0
CPU part	: 0xd03
CPU revision	: 4

processor	: 1
model name	: ARMv7 Processor rev 4 (v7l)
BogoMIPS	: 76.80
Features	: half thumb fastmult vfp edsp neon vfpv3 tls vfpv4 idiva idivt vfpd32 lpae evtstrm crc32 
CPU implementer	: 0x41
CPU architecture: 7
CPU variant	: 0x0
CPU part	: 0xd03
CPU revision	: 4

processor	: 2
model name	: ARMv7 Processor rev 4 (v7l)
BogoMIPS	: 76.80
Features	: half thumb fastmult vfp edsp neon vfpv3 tls vfpv4 idiva idivt vfpd32 lpae evtstrm crc32 
CPU implementer	: 0x41
CPU architecture: 7
CPU variant	: 0x0
CPU part	: 0xd03
CPU revision	: 4

processor	: 3
model name	: ARMv7 Processor rev 4 (v7l)
BogoMIPS	: 76.80
Features	: half thumb fastmult vfp edsp neon vfpv3 tls vfpv4 idiva idivt vfpd32 lpae evtstrm crc32 
CPU implementer	: 0x41
CPU architecture: 7
CPU variant	: 0x0
CPU part	: 0xd03
CPU revision	: 4

Hardware	: BCM2709
Revision	: a02082
Serial		: 000000004ca3d787


Memory: 4k page, physical 882772k(136896k free), swap 102396k(102396k free)

vm_info: Java HotSpot(TM) Server VM (25.65-b01) for linux-arm-vfp-hflt JRE (1.8.0_65-b17), built on Oct  6 2015 15:57:36 by "java_re" with gcc 4.7.2 20120910 (prerelease)

time: Thu Apr 20 14:20:01 2017
elapsed time: 0 seconds (0d 0h 0m 0s)

